26-01-01 05:16:56 Connexion :error .PDOException: SQLSTATE[42S22]: Column not found: 1054 Unknown column 'v.prix' in 'field list' in C:\xampp\htdocs\MaBagnole\app\model\Reservation.php:242
Stack trace:
#0 C:\xampp\htdocs\MaBagnole\app\model\Reservation.php(242): PDOStatement->execute()
#1 C:\xampp\htdocs\MaBagnole\app\model\Reservation.php(256): app\model\Reservation->getRevenueReservation()
#2 {main}
26-01-01 05:16:57 Connexion :error .PDOException: SQLSTATE[42S22]: Column not found: 1054 Unknown column 'v.prix' in 'field list' in C:\xampp\htdocs\MaBagnole\app\model\Reservation.php:242
Stack trace:
#0 C:\xampp\htdocs\MaBagnole\app\model\Reservation.php(242): PDOStatement->execute()
#1 C:\xampp\htdocs\MaBagnole\app\model\Reservation.php(256): app\model\Reservation->getRevenueReservation()
#2 {main}
26-01-01 05:16:57 Connexion :error .PDOException: SQLSTATE[42S22]: Column not found: 1054 Unknown column 'v.prix' in 'field list' in C:\xampp\htdocs\MaBagnole\app\model\Reservation.php:242
Stack trace:
#0 C:\xampp\htdocs\MaBagnole\app\model\Reservation.php(242): PDOStatement->execute()
#1 C:\xampp\htdocs\MaBagnole\app\model\Reservation.php(256): app\model\Reservation->getRevenueReservation()
#2 {main}
26-01-01 05:16:57 Connexion :error .PDOException: SQLSTATE[42S22]: Column not found: 1054 Unknown column 'v.prix' in 'field list' in C:\xampp\htdocs\MaBagnole\app\model\Reservation.php:242
Stack trace:
#0 C:\xampp\htdocs\MaBagnole\app\model\Reservation.php(242): PDOStatement->execute()
#1 C:\xampp\htdocs\MaBagnole\app\model\Reservation.php(256): app\model\Reservation->getRevenueReservation()
#2 {main}
26-01-01 05:18:32 Connexion :error .PDOException: SQLSTATE[42S22]: Column not found: 1054 Unknown column 'v.prix' in 'field list' in C:\xampp\htdocs\MaBagnole\app\model\Reservation.php:242
Stack trace:
#0 C:\xampp\htdocs\MaBagnole\app\model\Reservation.php(242): PDOStatement->execute()
#1 C:\xampp\htdocs\MaBagnole\app\model\Reservation.php(256): app\model\Reservation->getRevenueReservation()
#2 {main}
26-01-01 05:18:33 Connexion :error .PDOException: SQLSTATE[42S22]: Column not found: 1054 Unknown column 'v.prix' in 'field list' in C:\xampp\htdocs\MaBagnole\app\model\Reservation.php:242
Stack trace:
#0 C:\xampp\htdocs\MaBagnole\app\model\Reservation.php(242): PDOStatement->execute()
#1 C:\xampp\htdocs\MaBagnole\app\model\Reservation.php(256): app\model\Reservation->getRevenueReservation()
#2 {main}
26-01-01 05:18:33 Connexion :error .PDOException: SQLSTATE[42S22]: Column not found: 1054 Unknown column 'v.prix' in 'field list' in C:\xampp\htdocs\MaBagnole\app\model\Reservation.php:242
Stack trace:
#0 C:\xampp\htdocs\MaBagnole\app\model\Reservation.php(242): PDOStatement->execute()
#1 C:\xampp\htdocs\MaBagnole\app\model\Reservation.php(256): app\model\Reservation->getRevenueReservation()
#2 {main}
26-01-01 05:18:33 Connexion :error .PDOException: SQLSTATE[42S22]: Column not found: 1054 Unknown column 'v.prix' in 'field list' in C:\xampp\htdocs\MaBagnole\app\model\Reservation.php:242
Stack trace:
#0 C:\xampp\htdocs\MaBagnole\app\model\Reservation.php(242): PDOStatement->execute()
#1 C:\xampp\htdocs\MaBagnole\app\model\Reservation.php(256): app\model\Reservation->getRevenueReservation()
#2 {main}
26-01-01 05:18:34 Connexion :error .PDOException: SQLSTATE[42S22]: Column not found: 1054 Unknown column 'v.prix' in 'field list' in C:\xampp\htdocs\MaBagnole\app\model\Reservation.php:242
Stack trace:
#0 C:\xampp\htdocs\MaBagnole\app\model\Reservation.php(242): PDOStatement->execute()
#1 C:\xampp\htdocs\MaBagnole\app\model\Reservation.php(256): app\model\Reservation->getRevenueReservation()
#2 {main}
26-01-01 05:18:34 Connexion :error .PDOException: SQLSTATE[42S22]: Column not found: 1054 Unknown column 'v.prix' in 'field list' in C:\xampp\htdocs\MaBagnole\app\model\Reservation.php:242
Stack trace:
#0 C:\xampp\htdocs\MaBagnole\app\model\Reservation.php(242): PDOStatement->execute()
#1 C:\xampp\htdocs\MaBagnole\app\model\Reservation.php(256): app\model\Reservation->getRevenueReservation()
#2 {main}
26-01-01 05:18:34 Connexion :error .PDOException: SQLSTATE[42S22]: Column not found: 1054 Unknown column 'v.prix' in 'field list' in C:\xampp\htdocs\MaBagnole\app\model\Reservation.php:242
Stack trace:
#0 C:\xampp\htdocs\MaBagnole\app\model\Reservation.php(242): PDOStatement->execute()
#1 C:\xampp\htdocs\MaBagnole\app\model\Reservation.php(256): app\model\Reservation->getRevenueReservation()
#2 {main}
26-01-01 05:18:34 Connexion :error .PDOException: SQLSTATE[42S22]: Column not found: 1054 Unknown column 'v.prix' in 'field list' in C:\xampp\htdocs\MaBagnole\app\model\Reservation.php:242
Stack trace:
#0 C:\xampp\htdocs\MaBagnole\app\model\Reservation.php(242): PDOStatement->execute()
#1 C:\xampp\htdocs\MaBagnole\app\model\Reservation.php(256): app\model\Reservation->getRevenueReservation()
#2 {main}
26-01-01 05:18:34 Connexion :error .PDOException: SQLSTATE[42S22]: Column not found: 1054 Unknown column 'v.prix' in 'field list' in C:\xampp\htdocs\MaBagnole\app\model\Reservation.php:242
Stack trace:
#0 C:\xampp\htdocs\MaBagnole\app\model\Reservation.php(242): PDOStatement->execute()
#1 C:\xampp\htdocs\MaBagnole\app\model\Reservation.php(256): app\model\Reservation->getRevenueReservation()
#2 {main}
26-01-01 05:18:34 Connexion :error .PDOException: SQLSTATE[42S22]: Column not found: 1054 Unknown column 'v.prix' in 'field list' in C:\xampp\htdocs\MaBagnole\app\model\Reservation.php:242
Stack trace:
#0 C:\xampp\htdocs\MaBagnole\app\model\Reservation.php(242): PDOStatement->execute()
#1 C:\xampp\htdocs\MaBagnole\app\model\Reservation.php(256): app\model\Reservation->getRevenueReservation()
#2 {main}
26-01-01 05:18:35 Connexion :error .PDOException: SQLSTATE[42S22]: Column not found: 1054 Unknown column 'v.prix' in 'field list' in C:\xampp\htdocs\MaBagnole\app\model\Reservation.php:242
Stack trace:
#0 C:\xampp\htdocs\MaBagnole\app\model\Reservation.php(242): PDOStatement->execute()
#1 C:\xampp\htdocs\MaBagnole\app\model\Reservation.php(256): app\model\Reservation->getRevenueReservation()
#2 {main}
26-01-01 05:18:35 Connexion :error .PDOException: SQLSTATE[42S22]: Column not found: 1054 Unknown column 'v.prix' in 'field list' in C:\xampp\htdocs\MaBagnole\app\model\Reservation.php:242
Stack trace:
#0 C:\xampp\htdocs\MaBagnole\app\model\Reservation.php(242): PDOStatement->execute()
#1 C:\xampp\htdocs\MaBagnole\app\model\Reservation.php(256): app\model\Reservation->getRevenueReservation()
#2 {main}
26-01-01 05:18:35 Connexion :error .PDOException: SQLSTATE[42S22]: Column not found: 1054 Unknown column 'v.prix' in 'field list' in C:\xampp\htdocs\MaBagnole\app\model\Reservation.php:242
Stack trace:
#0 C:\xampp\htdocs\MaBagnole\app\model\Reservation.php(242): PDOStatement->execute()
#1 C:\xampp\htdocs\MaBagnole\app\model\Reservation.php(256): app\model\Reservation->getRevenueReservation()
#2 {main}
26-01-01 05:18:35 Connexion :error .PDOException: SQLSTATE[42S22]: Column not found: 1054 Unknown column 'v.prix' in 'field list' in C:\xampp\htdocs\MaBagnole\app\model\Reservation.php:242
Stack trace:
#0 C:\xampp\htdocs\MaBagnole\app\model\Reservation.php(242): PDOStatement->execute()
#1 C:\xampp\htdocs\MaBagnole\app\model\Reservation.php(256): app\model\Reservation->getRevenueReservation()
#2 {main}
26-01-01 05:18:35 Connexion :error .PDOException: SQLSTATE[42S22]: Column not found: 1054 Unknown column 'v.prix' in 'field list' in C:\xampp\htdocs\MaBagnole\app\model\Reservation.php:242
Stack trace:
#0 C:\xampp\htdocs\MaBagnole\app\model\Reservation.php(242): PDOStatement->execute()
#1 C:\xampp\htdocs\MaBagnole\app\model\Reservation.php(256): app\model\Reservation->getRevenueReservation()
#2 {main}
