26-01-01 07:02:38 Connexion :error .PDOException: SQLSTATE[23000]: Integrity constraint violation: 1451 Cannot delete or update a parent row: a foreign key constraint fails (`mabagnole`.`vehicules`, CONSTRAINT `vehicules_ibfk_1` FOREIGN KEY (`idCategorie`) REFERENCES `categories` (`idCategorie`)) in C:\xampp\htdocs\MaBagnole\app\model\Categorie.php:74
Stack trace:
#0 C:\xampp\htdocs\MaBagnole\app\model\Categorie.php(74): PDOStatement->execute()
#1 C:\xampp\htdocs\MaBagnole\app\controler\AdminControler.php(46): app\model\Categorie->supprimerCategorie('1')
#2 C:\xampp\htdocs\MaBagnole\app\controler\AdminControler.php(30): app\controler\AdminControler->gererCategories()
#3 C:\xampp\htdocs\MaBagnole\app\controler\AdminControler.php(59): app\controler\AdminControler->index()
#4 {main}
26-01-01 07:02:54 Connexion :error .PDOException: SQLSTATE[23000]: Integrity constraint violation: 1451 Cannot delete or update a parent row: a foreign key constraint fails (`mabagnole`.`vehicules`, CONSTRAINT `vehicules_ibfk_1` FOREIGN KEY (`idCategorie`) REFERENCES `categories` (`idCategorie`)) in C:\xampp\htdocs\MaBagnole\app\model\Categorie.php:74
Stack trace:
#0 C:\xampp\htdocs\MaBagnole\app\model\Categorie.php(74): PDOStatement->execute()
#1 C:\xampp\htdocs\MaBagnole\app\controler\AdminControler.php(46): app\model\Categorie->supprimerCategorie('1')
#2 C:\xampp\htdocs\MaBagnole\app\controler\AdminControler.php(30): app\controler\AdminControler->gererCategories()
#3 C:\xampp\htdocs\MaBagnole\app\controler\AdminControler.php(59): app\controler\AdminControler->index()
#4 {main}
26-01-01 07:03:24 Connexion :error .PDOException: SQLSTATE[23000]: Integrity constraint violation: 1451 Cannot delete or update a parent row: a foreign key constraint fails (`mabagnole`.`vehicules`, CONSTRAINT `vehicules_ibfk_1` FOREIGN KEY (`idCategorie`) REFERENCES `categories` (`idCategorie`)) in C:\xampp\htdocs\MaBagnole\app\model\Categorie.php:74
Stack trace:
#0 C:\xampp\htdocs\MaBagnole\app\model\Categorie.php(74): PDOStatement->execute()
#1 C:\xampp\htdocs\MaBagnole\app\controler\AdminControler.php(46): app\model\Categorie->supprimerCategorie('1')
#2 C:\xampp\htdocs\MaBagnole\app\controler\AdminControler.php(30): app\controler\AdminControler->gererCategories()
#3 C:\xampp\htdocs\MaBagnole\app\controler\AdminControler.php(59): app\controler\AdminControler->index()
#4 {main}
26-01-01 07:04:33 Connexion :error .PDOException: SQLSTATE[23000]: Integrity constraint violation: 1451 Cannot delete or update a parent row: a foreign key constraint fails (`mabagnole`.`vehicules`, CONSTRAINT `vehicules_ibfk_1` FOREIGN KEY (`idCategorie`) REFERENCES `categories` (`idCategorie`)) in C:\xampp\htdocs\MaBagnole\app\model\Categorie.php:74
Stack trace:
#0 C:\xampp\htdocs\MaBagnole\app\model\Categorie.php(74): PDOStatement->execute()
#1 C:\xampp\htdocs\MaBagnole\app\controler\AdminControler.php(46): app\model\Categorie->supprimerCategorie('1')
#2 C:\xampp\htdocs\MaBagnole\app\controler\AdminControler.php(30): app\controler\AdminControler->gererCategories()
#3 C:\xampp\htdocs\MaBagnole\app\controler\AdminControler.php(59): app\controler\AdminControler->index()
#4 {main}
26-01-01 07:09:59 Connexion :error .PDOException: SQLSTATE[23000]: Integrity constraint violation: 1451 Cannot delete or update a parent row: a foreign key constraint fails (`mabagnole`.`vehicules`, CONSTRAINT `vehicules_ibfk_1` FOREIGN KEY (`idCategorie`) REFERENCES `categories` (`idCategorie`)) in C:\xampp\htdocs\MaBagnole\app\model\Categorie.php:74
Stack trace:
#0 C:\xampp\htdocs\MaBagnole\app\model\Categorie.php(74): PDOStatement->execute()
#1 C:\xampp\htdocs\MaBagnole\app\controler\AdminControler.php(47): app\model\Categorie->supprimerCategorie('1')
#2 C:\xampp\htdocs\MaBagnole\app\controler\AdminControler.php(30): app\controler\AdminControler->gererCategories()
#3 C:\xampp\htdocs\MaBagnole\app\controler\AdminControler.php(60): app\controler\AdminControler->index()
#4 {main}
26-01-01 07:10:03 Connexion :error .PDOException: SQLSTATE[23000]: Integrity constraint violation: 1451 Cannot delete or update a parent row: a foreign key constraint fails (`mabagnole`.`vehicules`, CONSTRAINT `vehicules_ibfk_1` FOREIGN KEY (`idCategorie`) REFERENCES `categories` (`idCategorie`)) in C:\xampp\htdocs\MaBagnole\app\model\Categorie.php:74
Stack trace:
#0 C:\xampp\htdocs\MaBagnole\app\model\Categorie.php(74): PDOStatement->execute()
#1 C:\xampp\htdocs\MaBagnole\app\controler\AdminControler.php(47): app\model\Categorie->supprimerCategorie('1')
#2 C:\xampp\htdocs\MaBagnole\app\controler\AdminControler.php(30): app\controler\AdminControler->gererCategories()
#3 C:\xampp\htdocs\MaBagnole\app\controler\AdminControler.php(60): app\controler\AdminControler->index()
#4 {main}
26-01-01 07:11:55 Connexion :error .PDOException: SQLSTATE[23000]: Integrity constraint violation: 1451 Cannot delete or update a parent row: a foreign key constraint fails (`mabagnole`.`vehicules`, CONSTRAINT `vehicules_ibfk_1` FOREIGN KEY (`idCategorie`) REFERENCES `categories` (`idCategorie`)) in C:\xampp\htdocs\MaBagnole\app\model\Categorie.php:74
Stack trace:
#0 C:\xampp\htdocs\MaBagnole\app\model\Categorie.php(74): PDOStatement->execute()
#1 C:\xampp\htdocs\MaBagnole\app\controler\AdminControler.php(47): app\model\Categorie->supprimerCategorie('1')
#2 C:\xampp\htdocs\MaBagnole\app\controler\AdminControler.php(30): app\controler\AdminControler->gererCategories()
#3 C:\xampp\htdocs\MaBagnole\app\controler\AdminControler.php(60): app\controler\AdminControler->index()
#4 {main}
